<?xml version="1.0" encoding="UTF-8"?><testrun name="TweetSetSuite" project="objsets" tests="3" started="3" failures="0" errors="3" ignored="0">
  <testsuite name="objsets.TweetSetSuite" time="0.133">
    <testcase name="filter: on empty set" classname="objsets.TweetSetSuite" time="0.11">
      <error>scala.NotImplementedError: an implementation is missing&#13;
	at scala.Predef$.$qmark$qmark$qmark(Predef.scala:230)&#13;
	at objsets.TweetSet.filter(TweetSet.scala:44)&#13;
	at objsets.TweetSetSuite$$anonfun$1$$anon$1.&lt;init&gt;(TweetSetSuite.scala:32)&#13;
	at objsets.TweetSetSuite$$anonfun$1.apply$mcV$sp(TweetSetSuite.scala:31)&#13;
	at objsets.TweetSetSuite$$anonfun$1.apply(TweetSetSuite.scala:31)&#13;
	at objsets.TweetSetSuite$$anonfun$1.apply(TweetSetSuite.scala:31)&#13;
	at org.scalatest.Transformer$$anonfun$apply$1.apply$mcV$sp(Transformer.scala:22)&#13;
	at org.scalatest.OutcomeOf$class.outcomeOf(OutcomeOf.scala:85)&#13;
	at org.scalatest.OutcomeOf$.outcomeOf(OutcomeOf.scala:104)&#13;
	at org.scalatest.Transformer.apply(Transformer.scala:22)&#13;
	at org.scalatest.Transformer.apply(Transformer.scala:20)&#13;
	at org.scalatest.FunSuiteLike$$anon$1.apply(FunSuiteLike.scala:166)&#13;
	at org.scalatest.Suite$class.withFixture(Suite.scala:1122)&#13;
	at org.scalatest.FunSuite.withFixture(FunSuite.scala:1555)&#13;
	at org.scalatest.FunSuiteLike$class.invokeWithFixture$1(FunSuiteLike.scala:163)&#13;
	at org.scalatest.FunSuiteLike$$anonfun$runTest$1.apply(FunSuiteLike.scala:175)&#13;
	at org.scalatest.FunSuiteLike$$anonfun$runTest$1.apply(FunSuiteLike.scala:175)&#13;
	at org.scalatest.SuperEngine.runTestImpl(Engine.scala:306)&#13;
	at org.scalatest.FunSuiteLike$class.runTest(FunSuiteLike.scala:175)&#13;
	at org.scalatest.FunSuite.runTest(FunSuite.scala:1555)&#13;
	at org.scalatest.FunSuiteLike$$anonfun$runTests$1.apply(FunSuiteLike.scala:208)&#13;
	at org.scalatest.FunSuiteLike$$anonfun$runTests$1.apply(FunSuiteLike.scala:208)&#13;
	at org.scalatest.SuperEngine$$anonfun$traverseSubNodes$1$1.apply(Engine.scala:413)&#13;
	at org.scalatest.SuperEngine$$anonfun$traverseSubNodes$1$1.apply(Engine.scala:401)&#13;
	at scala.collection.immutable.List.foreach(List.scala:381)&#13;
	at org.scalatest.SuperEngine.traverseSubNodes$1(Engine.scala:401)&#13;
	at org.scalatest.SuperEngine.org$scalatest$SuperEngine$$runTestsInBranch(Engine.scala:396)&#13;
	at org.scalatest.SuperEngine.runTestsImpl(Engine.scala:483)&#13;
	at org.scalatest.FunSuiteLike$class.runTests(FunSuiteLike.scala:208)&#13;
	at org.scalatest.FunSuite.runTests(FunSuite.scala:1555)&#13;
	at org.scalatest.Suite$class.run(Suite.scala:1424)&#13;
	at org.scalatest.FunSuite.org$scalatest$FunSuiteLike$$super$run(FunSuite.scala:1555)&#13;
	at org.scalatest.FunSuiteLike$$anonfun$run$1.apply(FunSuiteLike.scala:212)&#13;
	at org.scalatest.FunSuiteLike$$anonfun$run$1.apply(FunSuiteLike.scala:212)&#13;
	at org.scalatest.SuperEngine.runImpl(Engine.scala:545)&#13;
	at org.scalatest.FunSuiteLike$class.run(FunSuiteLike.scala:212)&#13;
	at org.scalatest.FunSuite.run(FunSuite.scala:1555)&#13;
	at org.scalatest.junit.JUnitRunner.run(JUnitRunner.scala:99)&#13;
	at org.eclipse.jdt.internal.junit4.runner.JUnit4TestReference.run(JUnit4TestReference.java:50)&#13;
	at org.eclipse.jdt.internal.junit.runner.TestExecution.run(TestExecution.java:38)&#13;
	at org.eclipse.jdt.internal.junit.runner.RemoteTestRunner.runTests(RemoteTestRunner.java:459)&#13;
	at org.eclipse.jdt.internal.junit.runner.RemoteTestRunner.runTests(RemoteTestRunner.java:675)&#13;
	at org.eclipse.jdt.internal.junit.runner.RemoteTestRunner.run(RemoteTestRunner.java:382)&#13;
	at org.eclipse.jdt.internal.junit.runner.RemoteTestRunner.main(RemoteTestRunner.java:192)&#13;
&#13;
</error>
    </testcase>
    <testcase name="filter: a on set5" classname="objsets.TweetSetSuite" time="0.009">
      <error>scala.NotImplementedError: an implementation is missing&#13;
	at scala.Predef$.$qmark$qmark$qmark(Predef.scala:230)&#13;
	at objsets.TweetSet.filter(TweetSet.scala:44)&#13;
	at objsets.TweetSetSuite$$anonfun$2$$anon$2.&lt;init&gt;(TweetSetSuite.scala:38)&#13;
	at objsets.TweetSetSuite$$anonfun$2.apply$mcV$sp(TweetSetSuite.scala:37)&#13;
	at objsets.TweetSetSuite$$anonfun$2.apply(TweetSetSuite.scala:37)&#13;
	at objsets.TweetSetSuite$$anonfun$2.apply(TweetSetSuite.scala:37)&#13;
	at org.scalatest.Transformer$$anonfun$apply$1.apply$mcV$sp(Transformer.scala:22)&#13;
	at org.scalatest.OutcomeOf$class.outcomeOf(OutcomeOf.scala:85)&#13;
	at org.scalatest.OutcomeOf$.outcomeOf(OutcomeOf.scala:104)&#13;
	at org.scalatest.Transformer.apply(Transformer.scala:22)&#13;
	at org.scalatest.Transformer.apply(Transformer.scala:20)&#13;
	at org.scalatest.FunSuiteLike$$anon$1.apply(FunSuiteLike.scala:166)&#13;
	at org.scalatest.Suite$class.withFixture(Suite.scala:1122)&#13;
	at org.scalatest.FunSuite.withFixture(FunSuite.scala:1555)&#13;
	at org.scalatest.FunSuiteLike$class.invokeWithFixture$1(FunSuiteLike.scala:163)&#13;
	at org.scalatest.FunSuiteLike$$anonfun$runTest$1.apply(FunSuiteLike.scala:175)&#13;
	at org.scalatest.FunSuiteLike$$anonfun$runTest$1.apply(FunSuiteLike.scala:175)&#13;
	at org.scalatest.SuperEngine.runTestImpl(Engine.scala:306)&#13;
	at org.scalatest.FunSuiteLike$class.runTest(FunSuiteLike.scala:175)&#13;
	at org.scalatest.FunSuite.runTest(FunSuite.scala:1555)&#13;
	at org.scalatest.FunSuiteLike$$anonfun$runTests$1.apply(FunSuiteLike.scala:208)&#13;
	at org.scalatest.FunSuiteLike$$anonfun$runTests$1.apply(FunSuiteLike.scala:208)&#13;
	at org.scalatest.SuperEngine$$anonfun$traverseSubNodes$1$1.apply(Engine.scala:413)&#13;
	at org.scalatest.SuperEngine$$anonfun$traverseSubNodes$1$1.apply(Engine.scala:401)&#13;
	at scala.collection.immutable.List.foreach(List.scala:381)&#13;
	at org.scalatest.SuperEngine.traverseSubNodes$1(Engine.scala:401)&#13;
	at org.scalatest.SuperEngine.org$scalatest$SuperEngine$$runTestsInBranch(Engine.scala:396)&#13;
	at org.scalatest.SuperEngine.runTestsImpl(Engine.scala:483)&#13;
	at org.scalatest.FunSuiteLike$class.runTests(FunSuiteLike.scala:208)&#13;
	at org.scalatest.FunSuite.runTests(FunSuite.scala:1555)&#13;
	at org.scalatest.Suite$class.run(Suite.scala:1424)&#13;
	at org.scalatest.FunSuite.org$scalatest$FunSuiteLike$$super$run(FunSuite.scala:1555)&#13;
	at org.scalatest.FunSuiteLike$$anonfun$run$1.apply(FunSuiteLike.scala:212)&#13;
	at org.scalatest.FunSuiteLike$$anonfun$run$1.apply(FunSuiteLike.scala:212)&#13;
	at org.scalatest.SuperEngine.runImpl(Engine.scala:545)&#13;
	at org.scalatest.FunSuiteLike$class.run(FunSuiteLike.scala:212)&#13;
	at org.scalatest.FunSuite.run(FunSuite.scala:1555)&#13;
	at org.scalatest.junit.JUnitRunner.run(JUnitRunner.scala:99)&#13;
	at org.eclipse.jdt.internal.junit4.runner.JUnit4TestReference.run(JUnit4TestReference.java:50)&#13;
	at org.eclipse.jdt.internal.junit.runner.TestExecution.run(TestExecution.java:38)&#13;
	at org.eclipse.jdt.internal.junit.runner.RemoteTestRunner.runTests(RemoteTestRunner.java:459)&#13;
	at org.eclipse.jdt.internal.junit.runner.RemoteTestRunner.runTests(RemoteTestRunner.java:675)&#13;
	at org.eclipse.jdt.internal.junit.runner.RemoteTestRunner.run(RemoteTestRunner.java:382)&#13;
	at org.eclipse.jdt.internal.junit.runner.RemoteTestRunner.main(RemoteTestRunner.java:192)&#13;
&#13;
</error>
    </testcase>
    <testcase name="filter: 20 on set5" classname="objsets.TweetSetSuite" time="0.009">
      <error>scala.NotImplementedError: an implementation is missing&#13;
	at scala.Predef$.$qmark$qmark$qmark(Predef.scala:230)&#13;
	at objsets.TweetSet.filter(TweetSet.scala:44)&#13;
	at objsets.TweetSetSuite$$anonfun$3$$anon$3.&lt;init&gt;(TweetSetSuite.scala:44)&#13;
	at objsets.TweetSetSuite$$anonfun$3.apply$mcV$sp(TweetSetSuite.scala:43)&#13;
	at objsets.TweetSetSuite$$anonfun$3.apply(TweetSetSuite.scala:43)&#13;
	at objsets.TweetSetSuite$$anonfun$3.apply(TweetSetSuite.scala:43)&#13;
	at org.scalatest.Transformer$$anonfun$apply$1.apply$mcV$sp(Transformer.scala:22)&#13;
	at org.scalatest.OutcomeOf$class.outcomeOf(OutcomeOf.scala:85)&#13;
	at org.scalatest.OutcomeOf$.outcomeOf(OutcomeOf.scala:104)&#13;
	at org.scalatest.Transformer.apply(Transformer.scala:22)&#13;
	at org.scalatest.Transformer.apply(Transformer.scala:20)&#13;
	at org.scalatest.FunSuiteLike$$anon$1.apply(FunSuiteLike.scala:166)&#13;
	at org.scalatest.Suite$class.withFixture(Suite.scala:1122)&#13;
	at org.scalatest.FunSuite.withFixture(FunSuite.scala:1555)&#13;
	at org.scalatest.FunSuiteLike$class.invokeWithFixture$1(FunSuiteLike.scala:163)&#13;
	at org.scalatest.FunSuiteLike$$anonfun$runTest$1.apply(FunSuiteLike.scala:175)&#13;
	at org.scalatest.FunSuiteLike$$anonfun$runTest$1.apply(FunSuiteLike.scala:175)&#13;
	at org.scalatest.SuperEngine.runTestImpl(Engine.scala:306)&#13;
	at org.scalatest.FunSuiteLike$class.runTest(FunSuiteLike.scala:175)&#13;
	at org.scalatest.FunSuite.runTest(FunSuite.scala:1555)&#13;
	at org.scalatest.FunSuiteLike$$anonfun$runTests$1.apply(FunSuiteLike.scala:208)&#13;
	at org.scalatest.FunSuiteLike$$anonfun$runTests$1.apply(FunSuiteLike.scala:208)&#13;
	at org.scalatest.SuperEngine$$anonfun$traverseSubNodes$1$1.apply(Engine.scala:413)&#13;
	at org.scalatest.SuperEngine$$anonfun$traverseSubNodes$1$1.apply(Engine.scala:401)&#13;
	at scala.collection.immutable.List.foreach(List.scala:381)&#13;
	at org.scalatest.SuperEngine.traverseSubNodes$1(Engine.scala:401)&#13;
	at org.scalatest.SuperEngine.org$scalatest$SuperEngine$$runTestsInBranch(Engine.scala:396)&#13;
	at org.scalatest.SuperEngine.runTestsImpl(Engine.scala:483)&#13;
	at org.scalatest.FunSuiteLike$class.runTests(FunSuiteLike.scala:208)&#13;
	at org.scalatest.FunSuite.runTests(FunSuite.scala:1555)&#13;
	at org.scalatest.Suite$class.run(Suite.scala:1424)&#13;
	at org.scalatest.FunSuite.org$scalatest$FunSuiteLike$$super$run(FunSuite.scala:1555)&#13;
	at org.scalatest.FunSuiteLike$$anonfun$run$1.apply(FunSuiteLike.scala:212)&#13;
	at org.scalatest.FunSuiteLike$$anonfun$run$1.apply(FunSuiteLike.scala:212)&#13;
	at org.scalatest.SuperEngine.runImpl(Engine.scala:545)&#13;
	at org.scalatest.FunSuiteLike$class.run(FunSuiteLike.scala:212)&#13;
	at org.scalatest.FunSuite.run(FunSuite.scala:1555)&#13;
	at org.scalatest.junit.JUnitRunner.run(JUnitRunner.scala:99)&#13;
	at org.eclipse.jdt.internal.junit4.runner.JUnit4TestReference.run(JUnit4TestReference.java:50)&#13;
	at org.eclipse.jdt.internal.junit.runner.TestExecution.run(TestExecution.java:38)&#13;
	at org.eclipse.jdt.internal.junit.runner.RemoteTestRunner.runTests(RemoteTestRunner.java:459)&#13;
	at org.eclipse.jdt.internal.junit.runner.RemoteTestRunner.runTests(RemoteTestRunner.java:675)&#13;
	at org.eclipse.jdt.internal.junit.runner.RemoteTestRunner.run(RemoteTestRunner.java:382)&#13;
	at org.eclipse.jdt.internal.junit.runner.RemoteTestRunner.main(RemoteTestRunner.java:192)&#13;
&#13;
</error>
    </testcase>
  </testsuite>
</testrun>
